Traceback (most recent call last):
  File "c:\users\francisco\desktop\dwaveocean\ocean\lib\site-packages\jupyter_cache\executors\utils.py", line 58, in single_nb_execution
    executenb(
  File "c:\users\francisco\desktop\dwaveocean\ocean\lib\site-packages\nbclient\client.py", line 1305, in execute
    return NotebookClient(nb=nb, resources=resources, km=km, **kwargs).execute()
  File "c:\users\francisco\desktop\dwaveocean\ocean\lib\site-packages\jupyter_core\utils\__init__.py", line 166, in wrapped
    return loop.run_until_complete(inner)
  File "E:\programas\Anaconda\lib\asyncio\base_events.py", line 616, in run_until_complete
    return future.result()
  File "c:\users\francisco\desktop\dwaveocean\ocean\lib\site-packages\nbclient\client.py", line 705, in async_execute
    await self.async_execute_cell(
  File "c:\users\francisco\desktop\dwaveocean\ocean\lib\site-packages\nbclient\client.py", line 1058, in async_execute_cell
    await self._check_raise_for_error(cell, cell_index, exec_reply)
  File "c:\users\francisco\desktop\dwaveocean\ocean\lib\site-packages\nbclient\client.py", line 914, in _check_raise_for_error
    raise CellExecutionError.from_cell_and_msg(cell, exec_reply_content)
nbclient.exceptions.CellExecutionError: An error occurred while executing the following cell:
------------------
import qubovert

#size = 4
size = 6
lagrange = size ** 2

# Creamos las variables de nuestro modelo
Q = qubovert.QUBO()
for i in range(size):
    for j in range(size):
        Q.create_var(f"x_{i}_{j}") # Creamos las variables x_i y x_j
        
# Añadimos el primer bloque de la función objetivo
for i in range(size):
    for j in range(size):
        Q[(f"x_{i}_{j}",)] = -1
        
# Incluimos las restricciones finales
for i1 in range(size):
    for i2 in range(size):
        for i3 in range(size):
            for i4 in range(size):
                if i1 == i3 or i2 == i4 or i1 - i3 == i2 - i4 or i1 - i3 == i4 - i2:
                    if not (i1 == i3 and i2 == i4):
                        Q[(f"x_{i1}_{i2}", f"x_{i3}_{i4}")] = lagrange
------------------


[1;31m---------------------------------------------------------------------------[0m
[1;31mModuleNotFoundError[0m                       Traceback (most recent call last)
Cell [1;32mIn[5], line 1[0m
[1;32m----> 1[0m [38;5;28;01mimport[39;00m [38;5;21;01mqubovert[39;00m
[0;32m      3[0m [38;5;66;03m#size = 4[39;00m
[0;32m      4[0m size [38;5;241m=[39m [38;5;241m6[39m

[1;31mModuleNotFoundError[0m: No module named 'qubovert'

